Library/PramData/AndroidApplicationController/Cache/com.DefaultCompany.MRTestApp/gradle-project/launcher/build/intermediates/manifest_merge_blame_file/debug/manifest-merger-blame-debug-report.txt
1<?xml version="1.0" encoding="utf-8"?>
2<manifest xmlns:android="http://schemas.android.com/apk/res/android"
3    package="com.DefaultCompany.MRTestApp"
4    android:installLocation="auto"
5    android:versionCode="1"
6    android:versionName="0.1" >
7
8    <uses-sdk
9        android:minSdkVersion="29"
9-->src/main/AndroidManifest.xml
10        android:targetSdkVersion="32" />
10-->src/main/AndroidManifest.xml
11
12    <supports-screens
12-->src/main/AndroidManifest.xml:4:3-163
13        android:anyDensity="true"
13-->src/main/AndroidManifest.xml:4:135-160
14        android:largeScreens="true"
14-->src/main/AndroidManifest.xml:4:78-105
15        android:normalScreens="true"
15-->src/main/AndroidManifest.xml:4:49-77
16        android:smallScreens="true"
16-->src/main/AndroidManifest.xml:4:21-48
17        android:xlargeScreens="true" />
17-->src/main/AndroidManifest.xml:4:106-134
18
19    <uses-permission android:name="android.permission.INTERNET" />
19-->[:unityLibrary] AndroidManifest.xml:9:5-67
19-->[:unityLibrary] AndroidManifest.xml:9:22-64
20
21    <uses-feature
21-->[:unityLibrary] AndroidManifest.xml:11:5-14:31
22        android:name="android.hardware.vr.headtracking"
22-->[:unityLibrary] AndroidManifest.xml:12:9-56
23        android:required="true"
23-->[:unityLibrary] AndroidManifest.xml:13:9-32
24        android:version="1" />
24-->[:unityLibrary] AndroidManifest.xml:14:9-28
25    <uses-feature
25-->[:unityLibrary] AndroidManifest.xml:15:5-17:35
26        android:name="android.hardware.vulkan.version"
26-->[:unityLibrary] AndroidManifest.xml:16:9-55
27        android:required="true" />
27-->[:unityLibrary] AndroidManifest.xml:17:9-32
28    <uses-feature
28-->[:unityLibrary] AndroidManifest.xml:18:5-20:36
29        android:name="android.hardware.touchscreen"
29-->[:unityLibrary] AndroidManifest.xml:19:9-52
30        android:required="false" />
30-->[:unityLibrary] AndroidManifest.xml:20:9-33
31    <uses-feature
31-->[:unityLibrary] AndroidManifest.xml:21:5-23:36
32        android:name="android.hardware.touchscreen.multitouch"
32-->[:unityLibrary] AndroidManifest.xml:22:9-63
33        android:required="false" />
33-->[:unityLibrary] AndroidManifest.xml:23:9-33
34    <uses-feature
34-->[:unityLibrary] AndroidManifest.xml:24:5-26:36
35        android:name="android.hardware.touchscreen.multitouch.distinct"
35-->[:unityLibrary] AndroidManifest.xml:25:9-72
36        android:required="false" />
36-->[:unityLibrary] AndroidManifest.xml:26:9-33
37    <uses-feature
37-->[:unityLibrary] AndroidManifest.xml:27:5-29:36
38        android:name="oculus.software.handtracking"
38-->[:unityLibrary] AndroidManifest.xml:28:9-52
39        android:required="false" />
39-->[:unityLibrary] AndroidManifest.xml:29:9-33
40
41    <uses-permission android:name="com.oculus.permission.HAND_TRACKING" />
41-->[:unityLibrary] AndroidManifest.xml:31:5-75
41-->[:unityLibrary] AndroidManifest.xml:31:22-72
42
43    <uses-feature
43-->[:unityLibrary] AndroidManifest.xml:33:5-35:35
44        android:name="com.oculus.experimental.enabled"
44-->[:unityLibrary] AndroidManifest.xml:34:9-55
45        android:required="true" />
45-->[:unityLibrary] AndroidManifest.xml:35:9-32
46
47    <uses-permission android:name="com.oculus.permission.USE_ANCHOR_API" />
47-->[:unityLibrary] AndroidManifest.xml:37:5-76
47-->[:unityLibrary] AndroidManifest.xml:37:22-73
48
49    <uses-feature
49-->[:unityLibrary] AndroidManifest.xml:39:5-41:36
50        android:name="com.oculus.feature.PASSTHROUGH"
50-->[:unityLibrary] AndroidManifest.xml:40:9-54
51        android:required="false" />
51-->[:unityLibrary] AndroidManifest.xml:41:9-33
52
53    <uses-permission android:name="com.oculus.permission.USE_SCENE" />
53-->[:unityLibrary] AndroidManifest.xml:43:5-71
53-->[:unityLibrary] AndroidManifest.xml:43:22-68
54    <uses-permission android:name="android.permission.WRITE_EXTERNAL_STORAGE" />
55    <uses-permission android:name="android.permission.READ_PHONE_STATE" />
56    <uses-permission android:name="android.permission.READ_EXTERNAL_STORAGE" />
57
58    <application
58-->src/main/AndroidManifest.xml:3:3-83
59        android:allowBackup="false"
59-->[:unityLibrary] AndroidManifest.xml:46:9-36
60        android:debuggable="true"
61        android:extractNativeLibs="true"
61-->[:unityLibrary] AndroidManifest.xml:47:9-41
62        android:icon="@mipmap/app_icon"
62-->src/main/AndroidManifest.xml:3:49-80
63        android:label="@string/app_name"
63-->src/main/AndroidManifest.xml:3:16-48
64        android:networkSecurityConfig="@xml/network_sec_config" >
64-->[:unityLibrary] AndroidManifest.xml:50:9-64
65        <meta-data
65-->[:unityLibrary] AndroidManifest.xml:51:9-53:37
66            android:name="unityplayer.SkipPermissionsDialog"
66-->[:unityLibrary] AndroidManifest.xml:52:13-61
67            android:value="false" />
67-->[:unityLibrary] AndroidManifest.xml:53:13-34
68        <meta-data
68-->[:unityLibrary] AndroidManifest.xml:54:9-56:39
69            android:name="com.samsung.android.vr.application.mode"
69-->[:unityLibrary] AndroidManifest.xml:55:13-67
70            android:value="vr_only" />
70-->[:unityLibrary] AndroidManifest.xml:56:13-36
71        <meta-data
71-->[:unityLibrary] AndroidManifest.xml:57:9-59:54
72            android:name="com.oculus.ossplash.background"
72-->[:unityLibrary] AndroidManifest.xml:58:13-58
73            android:value="passthrough-contextual" />
73-->[:unityLibrary] AndroidManifest.xml:59:13-51
74        <meta-data
74-->[:unityLibrary] AndroidManifest.xml:60:9-62:68
75            android:name="com.oculus.telemetry.project_guid"
75-->[:unityLibrary] AndroidManifest.xml:61:13-61
76            android:value="87d22433-ac6f-47cd-a721-57a49eed3c4c" />
76-->[:unityLibrary] AndroidManifest.xml:62:13-65
77        <meta-data
77-->[:unityLibrary] AndroidManifest.xml:63:9-65:38
78            android:name="com.oculus.supportedDevices"
78-->[:unityLibrary] AndroidManifest.xml:64:13-55
79            android:value="eureka" />
79-->[:unityLibrary] AndroidManifest.xml:65:13-35
80        <meta-data
80-->[:unityLibrary] AndroidManifest.xml:66:9-68:33
81            android:name="unity.splash-mode"
81-->[:unityLibrary] AndroidManifest.xml:67:13-45
82            android:value="0" />
82-->[:unityLibrary] AndroidManifest.xml:68:13-30
83        <meta-data
83-->[:unityLibrary] AndroidManifest.xml:69:9-71:36
84            android:name="unity.splash-enable"
84-->[:unityLibrary] AndroidManifest.xml:70:13-47
85            android:value="True" />
85-->[:unityLibrary] AndroidManifest.xml:71:13-33
86        <meta-data
86-->[:unityLibrary] AndroidManifest.xml:72:9-74:36
87            android:name="unity.launch-fullscreen"
87-->[:unityLibrary] AndroidManifest.xml:73:13-51
88            android:value="True" />
88-->[:unityLibrary] AndroidManifest.xml:74:13-33
89        <meta-data
89-->[:unityLibrary] AndroidManifest.xml:75:9-77:36
90            android:name="unity.render-outside-safearea"
90-->[:unityLibrary] AndroidManifest.xml:76:13-57
91            android:value="True" />
91-->[:unityLibrary] AndroidManifest.xml:77:13-33
92        <meta-data
92-->[:unityLibrary] AndroidManifest.xml:78:9-80:50
93            android:name="notch.config"
93-->[:unityLibrary] AndroidManifest.xml:79:13-40
94            android:value="portrait|landscape" />
94-->[:unityLibrary] AndroidManifest.xml:80:13-47
95        <meta-data
95-->[:unityLibrary] AndroidManifest.xml:81:9-83:36
96            android:name="unity.auto-report-fully-drawn"
96-->[:unityLibrary] AndroidManifest.xml:82:13-57
97            android:value="true" />
97-->[:unityLibrary] AndroidManifest.xml:83:13-33
98
99        <activity
99-->[:unityLibrary] AndroidManifest.xml:85:9-108:20
100            android:name="com.unity3d.player.UnityPlayerActivity"
100-->[:unityLibrary] AndroidManifest.xml:86:13-66
101            android:configChanges="keyboard|keyboardHidden|navigation|orientation|screenLayout|screenSize|uiMode|density"
101-->[:unityLibrary] AndroidManifest.xml:87:13-122
102            android:excludeFromRecents="true"
102-->[:unityLibrary] AndroidManifest.xml:88:13-46
103            android:exported="true"
103-->[:unityLibrary] AndroidManifest.xml:89:13-36
104            android:hardwareAccelerated="false"
104-->[:unityLibrary] AndroidManifest.xml:90:13-48
105            android:launchMode="singleTask"
105-->[:unityLibrary] AndroidManifest.xml:91:13-44
106            android:resizeableActivity="false"
106-->[:unityLibrary] AndroidManifest.xml:92:13-47
107            android:screenOrientation="landscape"
107-->[:unityLibrary] AndroidManifest.xml:93:13-50
108            android:theme="@android:style/Theme.Black.NoTitleBar.Fullscreen" >
108-->[:unityLibrary] AndroidManifest.xml:94:13-77
109            <intent-filter>
109-->[:unityLibrary] AndroidManifest.xml:95:13-100:29
110                <category android:name="android.intent.category.LAUNCHER" />
110-->[:unityLibrary] AndroidManifest.xml:96:17-77
110-->[:unityLibrary] AndroidManifest.xml:96:27-74
111                <category android:name="com.oculus.intent.category.VR" />
111-->[:unityLibrary] AndroidManifest.xml:97:17-74
111-->[:unityLibrary] AndroidManifest.xml:97:27-71
112
113                <action android:name="android.intent.action.MAIN" />
113-->[:unityLibrary] AndroidManifest.xml:99:17-69
113-->[:unityLibrary] AndroidManifest.xml:99:25-66
114            </intent-filter>
115
116            <meta-data
116-->[:unityLibrary] AndroidManifest.xml:102:13-104:40
117                android:name="com.oculus.vr.focusaware"
117-->[:unityLibrary] AndroidManifest.xml:103:17-56
118                android:value="true" />
118-->[:unityLibrary] AndroidManifest.xml:104:17-37
119            <meta-data
119-->[:unityLibrary] AndroidManifest.xml:105:13-107:40
120                android:name="notch_support"
120-->[:unityLibrary] AndroidManifest.xml:106:17-45
121                android:value="true" />
121-->[:unityLibrary] AndroidManifest.xml:107:17-37
122        </activity>
123
124        <meta-data
124-->[:unityLibrary] AndroidManifest.xml:110:9-112:37
125            android:name="com.unity.xr.oculus.LowOverheadMode"
125-->[:unityLibrary] AndroidManifest.xml:111:13-63
126            android:value="false" />
126-->[:unityLibrary] AndroidManifest.xml:112:13-34
127        <meta-data
127-->[:unityLibrary] AndroidManifest.xml:113:9-115:37
128            android:name="com.unity.xr.oculus.LateLatching"
128-->[:unityLibrary] AndroidManifest.xml:114:13-60
129            android:value="false" />
129-->[:unityLibrary] AndroidManifest.xml:115:13-34
130        <meta-data
130-->[:unityLibrary] AndroidManifest.xml:116:9-118:37
131            android:name="com.unity.xr.oculus.LateLatchingDebug"
131-->[:unityLibrary] AndroidManifest.xml:117:13-65
132            android:value="false" />
132-->[:unityLibrary] AndroidManifest.xml:118:13-34
133        <meta-data
133-->[:unityLibrary] AndroidManifest.xml:119:9-121:35
134            android:name="com.oculus.handtracking.frequency"
134-->[:unityLibrary] AndroidManifest.xml:120:13-61
135            android:value="MAX" />
135-->[:unityLibrary] AndroidManifest.xml:121:13-32
136        <meta-data
136-->[:unityLibrary] AndroidManifest.xml:122:9-124:36
137            android:name="com.oculus.handtracking.version"
137-->[:unityLibrary] AndroidManifest.xml:123:13-59
138            android:value="V2.0" />
138-->[:unityLibrary] AndroidManifest.xml:124:13-33
139    </application>
140
141</manifest>